[INFO] Scanning for projects...
[INFO] 
[INFO] ----------------------< com.shubham:filestorage >-----------------------
[INFO] Building file-storage-backend 0.0.1-SNAPSHOT
[INFO]   from pom.xml
[INFO] --------------------------------[ jar ]---------------------------------
[INFO] 
[INFO] >>> spring-boot:3.2.1:run (default-cli) > test-compile @ filestorage >>>
[INFO] 
[INFO] --- resources:3.3.1:resources (default-resources) @ filestorage ---
[WARNING] Using platform encoding (UTF-8 actually) to copy filtered resources, i.e. build is platform dependent!
[INFO] Copying 3 resources from src/main/resources to target/classes
[INFO] 
[INFO] --- compiler:3.11.0:compile (default-compile) @ filestorage ---
[INFO] Nothing to compile - all classes are up to date
[INFO] 
[INFO] --- resources:3.3.1:testResources (default-testResources) @ filestorage ---
[WARNING] Using platform encoding (UTF-8 actually) to copy filtered resources, i.e. build is platform dependent!
[INFO] skip non existing resourceDirectory /Users/shubham/Project/FileHub/src/test/resources
[INFO] 
[INFO] --- compiler:3.11.0:testCompile (default-testCompile) @ filestorage ---
[INFO] Nothing to compile - all classes are up to date
[INFO] 
[INFO] <<< spring-boot:3.2.1:run (default-cli) < test-compile @ filestorage <<<
[INFO] 
[INFO] 
[INFO] --- spring-boot:3.2.1:run (default-cli) @ filestorage ---
[INFO] Attaching agents: []
Standard Commons Logging discovery in action with spring-jcl: please remove commons-logging.jar from classpath in order to avoid potential conflicts

  .   ____          _            __ _ _
 /\\ / ___'_ __ _ _(_)_ __  __ _ \ \ \ \
( ( )\___ | '_ | '_| | '_ \/ _` | \ \ \ \
 \\/  ___)| |_)| | | | | || (_| |  ) ) ) )
  '  |____| .__|_| |_|_| |_\__, | / / / /
 =========|_|==============|___/=/_/_/_/
 :: Spring Boot ::                (v3.2.1)

2026-01-11T16:15:39.675+05:30  INFO 76826 --- [           main] c.s.filestorage.FileStorageApplication   : Starting FileStorageApplication using Java 25.0.1 with PID 76826 (/Users/shubham/Project/FileHub/target/classes started by shubham in /Users/shubham/Project/FileHub)
2026-01-11T16:15:39.675+05:30  INFO 76826 --- [           main] c.s.filestorage.FileStorageApplication   : The following 1 profile is active: "local"
2026-01-11T16:15:39.840+05:30  INFO 76826 --- [           main] .s.d.r.c.RepositoryConfigurationDelegate : Bootstrapping Spring Data JPA repositories in DEFAULT mode.
2026-01-11T16:15:39.857+05:30  INFO 76826 --- [           main] .s.d.r.c.RepositoryConfigurationDelegate : Finished Spring Data repository scanning in 15 ms. Found 1 JPA repository interface.
WARNING: A restricted method in java.lang.System has been called
WARNING: java.lang.System::load has been called by org.apache.tomcat.jni.Library in an unnamed module (file:/Users/shubham/.m2/repository/org/apache/tomcat/embed/tomcat-embed-core/10.1.17/tomcat-embed-core-10.1.17.jar)
WARNING: Use --enable-native-access=ALL-UNNAMED to avoid a warning for callers in this module
WARNING: Restricted methods will be blocked in a future release unless native access is enabled

2026-01-11T16:15:39.993+05:30  INFO 76826 --- [           main] o.s.b.w.embedded.tomcat.TomcatWebServer  : Tomcat initialized with port 8080 (http)
2026-01-11T16:15:39.997+05:30  INFO 76826 --- [           main] o.apache.catalina.core.StandardService   : Starting service [Tomcat]
2026-01-11T16:15:39.997+05:30  INFO 76826 --- [           main] o.apache.catalina.core.StandardEngine    : Starting Servlet engine: [Apache Tomcat/10.1.17]
2026-01-11T16:15:40.011+05:30  INFO 76826 --- [           main] o.a.c.c.C.[Tomcat].[localhost].[/]       : Initializing Spring embedded WebApplicationContext
2026-01-11T16:15:40.011+05:30  INFO 76826 --- [           main] w.s.c.ServletWebServerApplicationContext : Root WebApplicationContext: initialization completed in 323 ms
Standard Commons Logging discovery in action with spring-jcl: please remove commons-logging.jar from classpath in order to avoid potential conflicts
2026-01-11T16:15:40.049+05:30  INFO 76826 --- [           main] com.zaxxer.hikari.HikariDataSource       : HikariPool-1 - Starting...
2026-01-11T16:15:40.083+05:30  INFO 76826 --- [           main] com.zaxxer.hikari.pool.HikariPool        : HikariPool-1 - Added connection org.postgresql.jdbc.PgConnection@50b0afd7
2026-01-11T16:15:40.083+05:30  INFO 76826 --- [           main] com.zaxxer.hikari.HikariDataSource       : HikariPool-1 - Start completed.
2026-01-11T16:15:40.104+05:30  INFO 76826 --- [           main] o.f.c.internal.license.VersionPrinter    : Flyway Community Edition 9.22.3 by Redgate
2026-01-11T16:15:40.104+05:30  INFO 76826 --- [           main] o.f.c.internal.license.VersionPrinter    : See release notes here: https://rd.gt/416ObMi
2026-01-11T16:15:40.104+05:30  INFO 76826 --- [           main] o.f.c.internal.license.VersionPrinter    : 
2026-01-11T16:15:40.108+05:30  INFO 76826 --- [           main] org.flywaydb.core.FlywayExecutor         : Database: jdbc:postgresql://localhost:5432/filestorage (PostgreSQL 14.20)
2026-01-11T16:15:40.120+05:30  INFO 76826 --- [           main] o.f.core.internal.command.DbValidate     : Successfully validated 1 migration (execution time 00:00.007s)
2026-01-11T16:15:40.129+05:30  INFO 76826 --- [           main] o.f.core.internal.command.DbMigrate      : Current version of schema "public": 1
2026-01-11T16:15:40.130+05:30  INFO 76826 --- [           main] o.f.core.internal.command.DbMigrate      : Schema "public" is up to date. No migration necessary.
2026-01-11T16:15:40.155+05:30  INFO 76826 --- [           main] o.hibernate.jpa.internal.util.LogHelper  : HHH000204: Processing PersistenceUnitInfo [name: default]
2026-01-11T16:15:40.171+05:30  INFO 76826 --- [           main] org.hibernate.Version                    : HHH000412: Hibernate ORM core version 6.4.1.Final
2026-01-11T16:15:40.181+05:30  INFO 76826 --- [           main] o.h.c.internal.RegionFactoryInitiator    : HHH000026: Second-level cache disabled
2026-01-11T16:15:40.248+05:30  INFO 76826 --- [           main] o.s.o.j.p.SpringPersistenceUnitInfo      : No LoadTimeWeaver setup: ignoring JPA class transformer
2026-01-11T16:15:40.479+05:30  INFO 76826 --- [           main] o.h.e.t.j.p.i.JtaPlatformInitiator       : HHH000489: No JTA platform available (set 'hibernate.transaction.jta.platform' to enable JTA platform integration)
2026-01-11T16:15:40.496+05:30  INFO 76826 --- [           main] j.LocalContainerEntityManagerFactoryBean : Initialized JPA EntityManagerFactory for persistence unit 'default'
2026-01-11T16:15:40.723+05:30  WARN 76826 --- [           main] JpaBaseConfiguration$JpaWebConfiguration : spring.jpa.open-in-view is enabled by default. Therefore, database queries may be performed during view rendering. Explicitly configure spring.jpa.open-in-view to disable this warning
2026-01-11T16:15:40.820+05:30  INFO 76826 --- [           main] o.s.b.w.embedded.tomcat.TomcatWebServer  : Tomcat started on port 8080 (http) with context path ''
2026-01-11T16:15:40.823+05:30  INFO 76826 --- [           main] c.s.filestorage.FileStorageApplication   : Started FileStorageApplication in 1.255 seconds (process running for 1.353)
2026-01-11T16:15:57.376+05:30  INFO 76826 --- [nio-8080-exec-1] o.a.c.c.C.[Tomcat].[localhost].[/]       : Initializing Spring DispatcherServlet 'dispatcherServlet'
2026-01-11T16:15:57.376+05:30  INFO 76826 --- [nio-8080-exec-1] o.s.web.servlet.DispatcherServlet        : Initializing Servlet 'dispatcherServlet'
2026-01-11T16:15:57.377+05:30  INFO 76826 --- [nio-8080-exec-1] o.s.web.servlet.DispatcherServlet        : Completed initialization in 1 ms
Hibernate: 
    select
        fm1_0.id,
        fm1_0.content_type,
        fm1_0.created_at,
        fm1_0.original_filename,
        fm1_0.size_bytes,
        fm1_0.storage_path 
    from
        file_metadata fm1_0
Hibernate: 
    select
        fm1_0.id,
        fm1_0.content_type,
        fm1_0.created_at,
        fm1_0.original_filename,
        fm1_0.size_bytes,
        fm1_0.storage_path 
    from
        file_metadata fm1_0
Hibernate: 
    select
        fm1_0.id,
        fm1_0.content_type,
        fm1_0.created_at,
        fm1_0.original_filename,
        fm1_0.size_bytes,
        fm1_0.storage_path 
    from
        file_metadata fm1_0
Hibernate: 
    select
        fm1_0.id,
        fm1_0.content_type,
        fm1_0.created_at,
        fm1_0.original_filename,
        fm1_0.size_bytes,
        fm1_0.storage_path 
    from
        file_metadata fm1_0
2026-01-11T16:16:16.163+05:30  INFO 76826 --- [ionShutdownHook] j.LocalContainerEntityManagerFactoryBean : Closing JPA EntityManagerFactory for persistence unit 'default'
2026-01-11T16:16:16.164+05:30  INFO 76826 --- [ionShutdownHook] com.zaxxer.hikari.HikariDataSource       : HikariPool-1 - Shutdown initiated...
2026-01-11T16:16:16.164+05:30  INFO 76826 --- [ionShutdownHook] com.zaxxer.hikari.HikariDataSource       : HikariPool-1 - Shutdown completed.
